[2021-01-11 13:04:19,140] SEVERE {b7a.log.crash} - class io.ballerina.compiler.syntax.tree.ReceiveFieldsNode cannot be cast to class io.ballerina.compiler.syntax.tree.SimpleNameReferenceNode (io.ballerina.compiler.syntax.tree.ReceiveFieldsNode and io.ballerina.compiler.syntax.tree.SimpleNameReferenceNode are in unnamed module of loader 'app') 
java.lang.ClassCastException: class io.ballerina.compiler.syntax.tree.ReceiveFieldsNode cannot be cast to class io.ballerina.compiler.syntax.tree.SimpleNameReferenceNode (io.ballerina.compiler.syntax.tree.ReceiveFieldsNode and io.ballerina.compiler.syntax.tree.SimpleNameReferenceNode are in unnamed module of loader 'app')
	at io.ballerina.compiler.syntax.tree.ReceiveActionNode.receiveWorkers(ReceiveActionNode.java:40)
	at org.wso2.ballerinalang.compiler.parser.BLangNodeTransformer.transform(BLangNodeTransformer.java:2207)
	at org.wso2.ballerinalang.compiler.parser.BLangNodeTransformer.transform(BLangNodeTransformer.java:442)
	at io.ballerina.compiler.syntax.tree.ReceiveActionNode.apply(ReceiveActionNode.java:50)
	at org.wso2.ballerinalang.compiler.parser.BLangNodeTransformer.createActionOrExpression(BLangNodeTransformer.java:4427)
	at org.wso2.ballerinalang.compiler.parser.BLangNodeTransformer.createExpression(BLangNodeTransformer.java:4398)
	at org.wso2.ballerinalang.compiler.parser.BLangNodeTransformer.transform(BLangNodeTransformer.java:1784)
	at org.wso2.ballerinalang.compiler.parser.BLangNodeTransformer.transform(BLangNodeTransformer.java:442)
	at io.ballerina.compiler.syntax.tree.ConditionalExpressionNode.apply(ConditionalExpressionNode.java:62)
	at org.wso2.ballerinalang.compiler.parser.BLangNodeTransformer.createActionOrExpression(BLangNodeTransformer.java:4427)
	at org.wso2.ballerinalang.compiler.parser.BLangNodeTransformer.createExpression(BLangNodeTransformer.java:4398)
	at org.wso2.ballerinalang.compiler.parser.BLangNodeTransformer.transform(BLangNodeTransformer.java:2920)
	at org.wso2.ballerinalang.compiler.parser.BLangNodeTransformer.transform(BLangNodeTransformer.java:442)
	at io.ballerina.compiler.syntax.tree.PositionalArgumentNode.apply(PositionalArgumentNode.java:46)
	at org.wso2.ballerinalang.compiler.parser.BLangNodeTransformer.applyAll(BLangNodeTransformer.java:1647)
	at org.wso2.ballerinalang.compiler.parser.BLangNodeTransformer.transform(BLangNodeTransformer.java:3319)
	at org.wso2.ballerinalang.compiler.parser.BLangNodeTransformer.transform(BLangNodeTransformer.java:442)
	at io.ballerina.compiler.syntax.tree.RemoteMethodCallActionNode.apply(RemoteMethodCallActionNode.java:66)
	at org.wso2.ballerinalang.compiler.parser.BLangNodeTransformer.createActionOrExpression(BLangNodeTransformer.java:4427)
	at org.wso2.ballerinalang.compiler.parser.BLangNodeTransformer.createExpression(BLangNodeTransformer.java:4398)
	at org.wso2.ballerinalang.compiler.parser.BLangNodeTransformer.transform(BLangNodeTransformer.java:1804)
	at org.wso2.ballerinalang.compiler.parser.BLangNodeTransformer.transform(BLangNodeTransformer.java:442)
	at io.ballerina.compiler.syntax.tree.CheckExpressionNode.apply(CheckExpressionNode.java:50)
	at org.wso2.ballerinalang.compiler.parser.BLangNodeTransformer.createActionOrExpression(BLangNodeTransformer.java:4427)
	at org.wso2.ballerinalang.compiler.parser.BLangNodeTransformer.createExpression(BLangNodeTransformer.java:4398)
	at org.wso2.ballerinalang.compiler.parser.BLangNodeTransformer.createBLangVarDef(BLangNodeTransformer.java:2702)
	at org.wso2.ballerinalang.compiler.parser.BLangNodeTransformer.transform(BLangNodeTransformer.java:2669)
	at org.wso2.ballerinalang.compiler.parser.BLangNodeTransformer.transform(BLangNodeTransformer.java:442)
	at io.ballerina.compiler.syntax.tree.VariableDeclarationNode.apply(VariableDeclarationNode.java:67)
	at org.wso2.ballerinalang.compiler.parser.BLangNodeTransformer.generateAndAddBLangStatements(BLangNodeTransformer.java:4307)
	at org.wso2.ballerinalang.compiler.parser.BLangNodeTransformer.transform(BLangNodeTransformer.java:1473)
	at org.wso2.ballerinalang.compiler.parser.BLangNodeTransformer.transform(BLangNodeTransformer.java:442)
	at io.ballerina.compiler.syntax.tree.FunctionBodyBlockNode.apply(FunctionBodyBlockNode.java:59)
	at org.wso2.ballerinalang.compiler.parser.BLangNodeTransformer.populateFunctionNode(BLangNodeTransformer.java:1381)
	at org.wso2.ballerinalang.compiler.parser.BLangNodeTransformer.createResourceFunctionNode(BLangNodeTransformer.java:691)
	at org.wso2.ballerinalang.compiler.parser.BLangNodeTransformer.transform(BLangNodeTransformer.java:1342)
	at org.wso2.ballerinalang.compiler.parser.BLangNodeTransformer.transform(BLangNodeTransformer.java:442)
	at io.ballerina.compiler.syntax.tree.FunctionDefinitionNode.apply(FunctionDefinitionNode.java:71)
	at org.wso2.ballerinalang.compiler.parser.BLangNodeTransformer.transformObjectCtorExpressionBody(BLangNodeTransformer.java:1081)
	at org.wso2.ballerinalang.compiler.parser.BLangNodeTransformer.transform(BLangNodeTransformer.java:3687)
	at org.wso2.ballerinalang.compiler.parser.BLangNodeTransformer.transform(BLangNodeTransformer.java:442)
	at io.ballerina.compiler.syntax.tree.ServiceDeclarationNode.apply(ServiceDeclarationNode.java:83)
	at org.wso2.ballerinalang.compiler.parser.BLangNodeTransformer.transform(BLangNodeTransformer.java:549)
	at org.wso2.ballerinalang.compiler.parser.BLangNodeTransformer.transform(BLangNodeTransformer.java:442)
	at io.ballerina.compiler.syntax.tree.ModulePartNode.apply(ModulePartNode.java:54)
	at org.wso2.ballerinalang.compiler.parser.BLangNodeTransformer.accept(BLangNodeTransformer.java:472)
	at io.ballerina.projects.DocumentContext.compilationUnit(DocumentContext.java:111)
	at io.ballerina.projects.ModuleContext.compileInternal(ModuleContext.java:330)
	at io.ballerina.projects.ModuleCompilationState$1.compile(ModuleCompilationState.java:45)
	at io.ballerina.projects.ModuleCompilationState$1.generatePlatformSpecificCode(ModuleCompilationState.java:53)
	at io.ballerina.projects.ModuleContext.generatePlatformSpecificCode(ModuleContext.java:301)
	at io.ballerina.projects.JBallerinaBackend.performCodeGen(JBallerinaBackend.java:133)
	at io.ballerina.projects.JBallerinaBackend.<init>(JBallerinaBackend.java:123)
	at io.ballerina.projects.JBallerinaBackend.lambda$from$0(JBallerinaBackend.java:97)
	at java.base/java.util.HashMap.computeIfAbsent(Unknown Source)
	at io.ballerina.projects.PackageCompilation.getCompilerBackend(PackageCompilation.java:122)
	at io.ballerina.projects.JBallerinaBackend.from(JBallerinaBackend.java:96)
	at io.ballerina.cli.task.CompileTask.execute(CompileTask.java:69)
	at io.ballerina.cli.TaskExecutor.executeTasks(TaskExecutor.java:40)
	at io.ballerina.cli.cmd.BuildCommand.execute(BuildCommand.java:238)
	at java.base/java.util.Optional.ifPresent(Unknown Source)
	at org.ballerinalang.tool.Main.main(Main.java:57)
 
[2021-01-11 13:05:03,742] SEVERE {b7a.log.crash} - class io.ballerina.compiler.syntax.tree.ReceiveFieldsNode cannot be cast to class io.ballerina.compiler.syntax.tree.SimpleNameReferenceNode (io.ballerina.compiler.syntax.tree.ReceiveFieldsNode and io.ballerina.compiler.syntax.tree.SimpleNameReferenceNode are in unnamed module of loader 'app') 
java.lang.ClassCastException: class io.ballerina.compiler.syntax.tree.ReceiveFieldsNode cannot be cast to class io.ballerina.compiler.syntax.tree.SimpleNameReferenceNode (io.ballerina.compiler.syntax.tree.ReceiveFieldsNode and io.ballerina.compiler.syntax.tree.SimpleNameReferenceNode are in unnamed module of loader 'app')
	at io.ballerina.compiler.syntax.tree.ReceiveActionNode.receiveWorkers(ReceiveActionNode.java:40)
	at org.wso2.ballerinalang.compiler.parser.BLangNodeTransformer.transform(BLangNodeTransformer.java:2207)
	at org.wso2.ballerinalang.compiler.parser.BLangNodeTransformer.transform(BLangNodeTransformer.java:442)
	at io.ballerina.compiler.syntax.tree.ReceiveActionNode.apply(ReceiveActionNode.java:50)
	at org.wso2.ballerinalang.compiler.parser.BLangNodeTransformer.createActionOrExpression(BLangNodeTransformer.java:4427)
	at org.wso2.ballerinalang.compiler.parser.BLangNodeTransformer.createExpression(BLangNodeTransformer.java:4398)
	at org.wso2.ballerinalang.compiler.parser.BLangNodeTransformer.transform(BLangNodeTransformer.java:1784)
	at org.wso2.ballerinalang.compiler.parser.BLangNodeTransformer.transform(BLangNodeTransformer.java:442)
	at io.ballerina.compiler.syntax.tree.ConditionalExpressionNode.apply(ConditionalExpressionNode.java:62)
	at org.wso2.ballerinalang.compiler.parser.BLangNodeTransformer.createActionOrExpression(BLangNodeTransformer.java:4427)
	at org.wso2.ballerinalang.compiler.parser.BLangNodeTransformer.createExpression(BLangNodeTransformer.java:4398)
	at org.wso2.ballerinalang.compiler.parser.BLangNodeTransformer.transform(BLangNodeTransformer.java:2920)
	at org.wso2.ballerinalang.compiler.parser.BLangNodeTransformer.transform(BLangNodeTransformer.java:442)
	at io.ballerina.compiler.syntax.tree.PositionalArgumentNode.apply(PositionalArgumentNode.java:46)
	at org.wso2.ballerinalang.compiler.parser.BLangNodeTransformer.applyAll(BLangNodeTransformer.java:1647)
	at org.wso2.ballerinalang.compiler.parser.BLangNodeTransformer.transform(BLangNodeTransformer.java:3319)
	at org.wso2.ballerinalang.compiler.parser.BLangNodeTransformer.transform(BLangNodeTransformer.java:442)
	at io.ballerina.compiler.syntax.tree.RemoteMethodCallActionNode.apply(RemoteMethodCallActionNode.java:66)
	at org.wso2.ballerinalang.compiler.parser.BLangNodeTransformer.createActionOrExpression(BLangNodeTransformer.java:4427)
	at org.wso2.ballerinalang.compiler.parser.BLangNodeTransformer.createExpression(BLangNodeTransformer.java:4398)
	at org.wso2.ballerinalang.compiler.parser.BLangNodeTransformer.transform(BLangNodeTransformer.java:1804)
	at org.wso2.ballerinalang.compiler.parser.BLangNodeTransformer.transform(BLangNodeTransformer.java:442)
	at io.ballerina.compiler.syntax.tree.CheckExpressionNode.apply(CheckExpressionNode.java:50)
	at org.wso2.ballerinalang.compiler.parser.BLangNodeTransformer.createActionOrExpression(BLangNodeTransformer.java:4427)
	at org.wso2.ballerinalang.compiler.parser.BLangNodeTransformer.createExpression(BLangNodeTransformer.java:4398)
	at org.wso2.ballerinalang.compiler.parser.BLangNodeTransformer.createBLangVarDef(BLangNodeTransformer.java:2702)
	at org.wso2.ballerinalang.compiler.parser.BLangNodeTransformer.transform(BLangNodeTransformer.java:2669)
	at org.wso2.ballerinalang.compiler.parser.BLangNodeTransformer.transform(BLangNodeTransformer.java:442)
	at io.ballerina.compiler.syntax.tree.VariableDeclarationNode.apply(VariableDeclarationNode.java:67)
	at org.wso2.ballerinalang.compiler.parser.BLangNodeTransformer.generateAndAddBLangStatements(BLangNodeTransformer.java:4307)
	at org.wso2.ballerinalang.compiler.parser.BLangNodeTransformer.transform(BLangNodeTransformer.java:1473)
	at org.wso2.ballerinalang.compiler.parser.BLangNodeTransformer.transform(BLangNodeTransformer.java:442)
	at io.ballerina.compiler.syntax.tree.FunctionBodyBlockNode.apply(FunctionBodyBlockNode.java:59)
	at org.wso2.ballerinalang.compiler.parser.BLangNodeTransformer.populateFunctionNode(BLangNodeTransformer.java:1381)
	at org.wso2.ballerinalang.compiler.parser.BLangNodeTransformer.createResourceFunctionNode(BLangNodeTransformer.java:691)
	at org.wso2.ballerinalang.compiler.parser.BLangNodeTransformer.transform(BLangNodeTransformer.java:1342)
	at org.wso2.ballerinalang.compiler.parser.BLangNodeTransformer.transform(BLangNodeTransformer.java:442)
	at io.ballerina.compiler.syntax.tree.FunctionDefinitionNode.apply(FunctionDefinitionNode.java:71)
	at org.wso2.ballerinalang.compiler.parser.BLangNodeTransformer.transformObjectCtorExpressionBody(BLangNodeTransformer.java:1081)
	at org.wso2.ballerinalang.compiler.parser.BLangNodeTransformer.transform(BLangNodeTransformer.java:3687)
	at org.wso2.ballerinalang.compiler.parser.BLangNodeTransformer.transform(BLangNodeTransformer.java:442)
	at io.ballerina.compiler.syntax.tree.ServiceDeclarationNode.apply(ServiceDeclarationNode.java:83)
	at org.wso2.ballerinalang.compiler.parser.BLangNodeTransformer.transform(BLangNodeTransformer.java:549)
	at org.wso2.ballerinalang.compiler.parser.BLangNodeTransformer.transform(BLangNodeTransformer.java:442)
	at io.ballerina.compiler.syntax.tree.ModulePartNode.apply(ModulePartNode.java:54)
	at org.wso2.ballerinalang.compiler.parser.BLangNodeTransformer.accept(BLangNodeTransformer.java:472)
	at io.ballerina.projects.DocumentContext.compilationUnit(DocumentContext.java:111)
	at io.ballerina.projects.ModuleContext.compileInternal(ModuleContext.java:330)
	at io.ballerina.projects.ModuleCompilationState$1.compile(ModuleCompilationState.java:45)
	at io.ballerina.projects.ModuleCompilationState$1.generatePlatformSpecificCode(ModuleCompilationState.java:53)
	at io.ballerina.projects.ModuleContext.generatePlatformSpecificCode(ModuleContext.java:301)
	at io.ballerina.projects.JBallerinaBackend.performCodeGen(JBallerinaBackend.java:133)
	at io.ballerina.projects.JBallerinaBackend.<init>(JBallerinaBackend.java:123)
	at io.ballerina.projects.JBallerinaBackend.lambda$from$0(JBallerinaBackend.java:97)
	at java.base/java.util.HashMap.computeIfAbsent(Unknown Source)
	at io.ballerina.projects.PackageCompilation.getCompilerBackend(PackageCompilation.java:122)
	at io.ballerina.projects.JBallerinaBackend.from(JBallerinaBackend.java:96)
	at io.ballerina.cli.task.CompileTask.execute(CompileTask.java:69)
	at io.ballerina.cli.TaskExecutor.executeTasks(TaskExecutor.java:40)
	at io.ballerina.cli.cmd.RunCommand.execute(RunCommand.java:153)
	at java.base/java.util.Optional.ifPresent(Unknown Source)
	at org.ballerinalang.tool.Main.main(Main.java:57)
 
[2021-01-11 13:05:34,360] SEVERE {b7a.log.crash} - class io.ballerina.compiler.syntax.tree.ReceiveFieldsNode cannot be cast to class io.ballerina.compiler.syntax.tree.SimpleNameReferenceNode (io.ballerina.compiler.syntax.tree.ReceiveFieldsNode and io.ballerina.compiler.syntax.tree.SimpleNameReferenceNode are in unnamed module of loader 'app') 
java.lang.ClassCastException: class io.ballerina.compiler.syntax.tree.ReceiveFieldsNode cannot be cast to class io.ballerina.compiler.syntax.tree.SimpleNameReferenceNode (io.ballerina.compiler.syntax.tree.ReceiveFieldsNode and io.ballerina.compiler.syntax.tree.SimpleNameReferenceNode are in unnamed module of loader 'app')
	at io.ballerina.compiler.syntax.tree.ReceiveActionNode.receiveWorkers(ReceiveActionNode.java:40)
	at org.wso2.ballerinalang.compiler.parser.BLangNodeTransformer.transform(BLangNodeTransformer.java:2207)
	at org.wso2.ballerinalang.compiler.parser.BLangNodeTransformer.transform(BLangNodeTransformer.java:442)
	at io.ballerina.compiler.syntax.tree.ReceiveActionNode.apply(ReceiveActionNode.java:50)
	at org.wso2.ballerinalang.compiler.parser.BLangNodeTransformer.createActionOrExpression(BLangNodeTransformer.java:4427)
	at org.wso2.ballerinalang.compiler.parser.BLangNodeTransformer.createExpression(BLangNodeTransformer.java:4398)
	at org.wso2.ballerinalang.compiler.parser.BLangNodeTransformer.transform(BLangNodeTransformer.java:1784)
	at org.wso2.ballerinalang.compiler.parser.BLangNodeTransformer.transform(BLangNodeTransformer.java:442)
	at io.ballerina.compiler.syntax.tree.ConditionalExpressionNode.apply(ConditionalExpressionNode.java:62)
	at org.wso2.ballerinalang.compiler.parser.BLangNodeTransformer.createActionOrExpression(BLangNodeTransformer.java:4427)
	at org.wso2.ballerinalang.compiler.parser.BLangNodeTransformer.createExpression(BLangNodeTransformer.java:4398)
	at org.wso2.ballerinalang.compiler.parser.BLangNodeTransformer.transform(BLangNodeTransformer.java:2920)
	at org.wso2.ballerinalang.compiler.parser.BLangNodeTransformer.transform(BLangNodeTransformer.java:442)
	at io.ballerina.compiler.syntax.tree.PositionalArgumentNode.apply(PositionalArgumentNode.java:46)
	at org.wso2.ballerinalang.compiler.parser.BLangNodeTransformer.applyAll(BLangNodeTransformer.java:1647)
	at org.wso2.ballerinalang.compiler.parser.BLangNodeTransformer.transform(BLangNodeTransformer.java:3319)
	at org.wso2.ballerinalang.compiler.parser.BLangNodeTransformer.transform(BLangNodeTransformer.java:442)
	at io.ballerina.compiler.syntax.tree.RemoteMethodCallActionNode.apply(RemoteMethodCallActionNode.java:66)
	at org.wso2.ballerinalang.compiler.parser.BLangNodeTransformer.createActionOrExpression(BLangNodeTransformer.java:4427)
	at org.wso2.ballerinalang.compiler.parser.BLangNodeTransformer.createExpression(BLangNodeTransformer.java:4398)
	at org.wso2.ballerinalang.compiler.parser.BLangNodeTransformer.transform(BLangNodeTransformer.java:1804)
	at org.wso2.ballerinalang.compiler.parser.BLangNodeTransformer.transform(BLangNodeTransformer.java:442)
	at io.ballerina.compiler.syntax.tree.CheckExpressionNode.apply(CheckExpressionNode.java:50)
	at org.wso2.ballerinalang.compiler.parser.BLangNodeTransformer.createActionOrExpression(BLangNodeTransformer.java:4427)
	at org.wso2.ballerinalang.compiler.parser.BLangNodeTransformer.createExpression(BLangNodeTransformer.java:4398)
	at org.wso2.ballerinalang.compiler.parser.BLangNodeTransformer.createBLangVarDef(BLangNodeTransformer.java:2702)
	at org.wso2.ballerinalang.compiler.parser.BLangNodeTransformer.transform(BLangNodeTransformer.java:2669)
	at org.wso2.ballerinalang.compiler.parser.BLangNodeTransformer.transform(BLangNodeTransformer.java:442)
	at io.ballerina.compiler.syntax.tree.VariableDeclarationNode.apply(VariableDeclarationNode.java:67)
	at org.wso2.ballerinalang.compiler.parser.BLangNodeTransformer.generateAndAddBLangStatements(BLangNodeTransformer.java:4307)
	at org.wso2.ballerinalang.compiler.parser.BLangNodeTransformer.transform(BLangNodeTransformer.java:1473)
	at org.wso2.ballerinalang.compiler.parser.BLangNodeTransformer.transform(BLangNodeTransformer.java:442)
	at io.ballerina.compiler.syntax.tree.FunctionBodyBlockNode.apply(FunctionBodyBlockNode.java:59)
	at org.wso2.ballerinalang.compiler.parser.BLangNodeTransformer.populateFunctionNode(BLangNodeTransformer.java:1381)
	at org.wso2.ballerinalang.compiler.parser.BLangNodeTransformer.createResourceFunctionNode(BLangNodeTransformer.java:691)
	at org.wso2.ballerinalang.compiler.parser.BLangNodeTransformer.transform(BLangNodeTransformer.java:1342)
	at org.wso2.ballerinalang.compiler.parser.BLangNodeTransformer.transform(BLangNodeTransformer.java:442)
	at io.ballerina.compiler.syntax.tree.FunctionDefinitionNode.apply(FunctionDefinitionNode.java:71)
	at org.wso2.ballerinalang.compiler.parser.BLangNodeTransformer.transformObjectCtorExpressionBody(BLangNodeTransformer.java:1081)
	at org.wso2.ballerinalang.compiler.parser.BLangNodeTransformer.transform(BLangNodeTransformer.java:3687)
	at org.wso2.ballerinalang.compiler.parser.BLangNodeTransformer.transform(BLangNodeTransformer.java:442)
	at io.ballerina.compiler.syntax.tree.ServiceDeclarationNode.apply(ServiceDeclarationNode.java:83)
	at org.wso2.ballerinalang.compiler.parser.BLangNodeTransformer.transform(BLangNodeTransformer.java:549)
	at org.wso2.ballerinalang.compiler.parser.BLangNodeTransformer.transform(BLangNodeTransformer.java:442)
	at io.ballerina.compiler.syntax.tree.ModulePartNode.apply(ModulePartNode.java:54)
	at org.wso2.ballerinalang.compiler.parser.BLangNodeTransformer.accept(BLangNodeTransformer.java:472)
	at io.ballerina.projects.DocumentContext.compilationUnit(DocumentContext.java:111)
	at io.ballerina.projects.ModuleContext.compileInternal(ModuleContext.java:330)
	at io.ballerina.projects.ModuleCompilationState$1.compile(ModuleCompilationState.java:45)
	at io.ballerina.projects.ModuleCompilationState$1.generatePlatformSpecificCode(ModuleCompilationState.java:53)
	at io.ballerina.projects.ModuleContext.generatePlatformSpecificCode(ModuleContext.java:301)
	at io.ballerina.projects.JBallerinaBackend.performCodeGen(JBallerinaBackend.java:133)
	at io.ballerina.projects.JBallerinaBackend.<init>(JBallerinaBackend.java:123)
	at io.ballerina.projects.JBallerinaBackend.lambda$from$0(JBallerinaBackend.java:97)
	at java.base/java.util.HashMap.computeIfAbsent(Unknown Source)
	at io.ballerina.projects.PackageCompilation.getCompilerBackend(PackageCompilation.java:122)
	at io.ballerina.projects.JBallerinaBackend.from(JBallerinaBackend.java:96)
	at io.ballerina.cli.task.CompileTask.execute(CompileTask.java:69)
	at io.ballerina.cli.TaskExecutor.executeTasks(TaskExecutor.java:40)
	at io.ballerina.cli.cmd.RunCommand.execute(RunCommand.java:153)
	at java.base/java.util.Optional.ifPresent(Unknown Source)
	at org.ballerinalang.tool.Main.main(Main.java:57)
 
[2021-01-11 13:07:27,055] SEVERE {b7a.log.crash} - class io.ballerina.compiler.syntax.tree.ReceiveFieldsNode cannot be cast to class io.ballerina.compiler.syntax.tree.SimpleNameReferenceNode (io.ballerina.compiler.syntax.tree.ReceiveFieldsNode and io.ballerina.compiler.syntax.tree.SimpleNameReferenceNode are in unnamed module of loader 'app') 
java.lang.ClassCastException: class io.ballerina.compiler.syntax.tree.ReceiveFieldsNode cannot be cast to class io.ballerina.compiler.syntax.tree.SimpleNameReferenceNode (io.ballerina.compiler.syntax.tree.ReceiveFieldsNode and io.ballerina.compiler.syntax.tree.SimpleNameReferenceNode are in unnamed module of loader 'app')
	at io.ballerina.compiler.syntax.tree.ReceiveActionNode.receiveWorkers(ReceiveActionNode.java:40)
	at org.wso2.ballerinalang.compiler.parser.BLangNodeTransformer.transform(BLangNodeTransformer.java:2207)
	at org.wso2.ballerinalang.compiler.parser.BLangNodeTransformer.transform(BLangNodeTransformer.java:442)
	at io.ballerina.compiler.syntax.tree.ReceiveActionNode.apply(ReceiveActionNode.java:50)
	at org.wso2.ballerinalang.compiler.parser.BLangNodeTransformer.createActionOrExpression(BLangNodeTransformer.java:4427)
	at org.wso2.ballerinalang.compiler.parser.BLangNodeTransformer.createExpression(BLangNodeTransformer.java:4398)
	at org.wso2.ballerinalang.compiler.parser.BLangNodeTransformer.transform(BLangNodeTransformer.java:1784)
	at org.wso2.ballerinalang.compiler.parser.BLangNodeTransformer.transform(BLangNodeTransformer.java:442)
	at io.ballerina.compiler.syntax.tree.ConditionalExpressionNode.apply(ConditionalExpressionNode.java:62)
	at org.wso2.ballerinalang.compiler.parser.BLangNodeTransformer.createActionOrExpression(BLangNodeTransformer.java:4427)
	at org.wso2.ballerinalang.compiler.parser.BLangNodeTransformer.createExpression(BLangNodeTransformer.java:4398)
	at org.wso2.ballerinalang.compiler.parser.BLangNodeTransformer.transform(BLangNodeTransformer.java:2920)
	at org.wso2.ballerinalang.compiler.parser.BLangNodeTransformer.transform(BLangNodeTransformer.java:442)
	at io.ballerina.compiler.syntax.tree.PositionalArgumentNode.apply(PositionalArgumentNode.java:46)
	at org.wso2.ballerinalang.compiler.parser.BLangNodeTransformer.applyAll(BLangNodeTransformer.java:1647)
	at org.wso2.ballerinalang.compiler.parser.BLangNodeTransformer.transform(BLangNodeTransformer.java:3319)
	at org.wso2.ballerinalang.compiler.parser.BLangNodeTransformer.transform(BLangNodeTransformer.java:442)
	at io.ballerina.compiler.syntax.tree.RemoteMethodCallActionNode.apply(RemoteMethodCallActionNode.java:66)
	at org.wso2.ballerinalang.compiler.parser.BLangNodeTransformer.createActionOrExpression(BLangNodeTransformer.java:4427)
	at org.wso2.ballerinalang.compiler.parser.BLangNodeTransformer.createExpression(BLangNodeTransformer.java:4398)
	at org.wso2.ballerinalang.compiler.parser.BLangNodeTransformer.transform(BLangNodeTransformer.java:1804)
	at org.wso2.ballerinalang.compiler.parser.BLangNodeTransformer.transform(BLangNodeTransformer.java:442)
	at io.ballerina.compiler.syntax.tree.CheckExpressionNode.apply(CheckExpressionNode.java:50)
	at org.wso2.ballerinalang.compiler.parser.BLangNodeTransformer.createActionOrExpression(BLangNodeTransformer.java:4427)
	at org.wso2.ballerinalang.compiler.parser.BLangNodeTransformer.createExpression(BLangNodeTransformer.java:4398)
	at org.wso2.ballerinalang.compiler.parser.BLangNodeTransformer.createBLangVarDef(BLangNodeTransformer.java:2702)
	at org.wso2.ballerinalang.compiler.parser.BLangNodeTransformer.transform(BLangNodeTransformer.java:2669)
	at org.wso2.ballerinalang.compiler.parser.BLangNodeTransformer.transform(BLangNodeTransformer.java:442)
	at io.ballerina.compiler.syntax.tree.VariableDeclarationNode.apply(VariableDeclarationNode.java:67)
	at org.wso2.ballerinalang.compiler.parser.BLangNodeTransformer.generateAndAddBLangStatements(BLangNodeTransformer.java:4307)
	at org.wso2.ballerinalang.compiler.parser.BLangNodeTransformer.transform(BLangNodeTransformer.java:1473)
	at org.wso2.ballerinalang.compiler.parser.BLangNodeTransformer.transform(BLangNodeTransformer.java:442)
	at io.ballerina.compiler.syntax.tree.FunctionBodyBlockNode.apply(FunctionBodyBlockNode.java:59)
	at org.wso2.ballerinalang.compiler.parser.BLangNodeTransformer.populateFunctionNode(BLangNodeTransformer.java:1381)
	at org.wso2.ballerinalang.compiler.parser.BLangNodeTransformer.createResourceFunctionNode(BLangNodeTransformer.java:691)
	at org.wso2.ballerinalang.compiler.parser.BLangNodeTransformer.transform(BLangNodeTransformer.java:1342)
	at org.wso2.ballerinalang.compiler.parser.BLangNodeTransformer.transform(BLangNodeTransformer.java:442)
	at io.ballerina.compiler.syntax.tree.FunctionDefinitionNode.apply(FunctionDefinitionNode.java:71)
	at org.wso2.ballerinalang.compiler.parser.BLangNodeTransformer.transformObjectCtorExpressionBody(BLangNodeTransformer.java:1081)
	at org.wso2.ballerinalang.compiler.parser.BLangNodeTransformer.transform(BLangNodeTransformer.java:3687)
	at org.wso2.ballerinalang.compiler.parser.BLangNodeTransformer.transform(BLangNodeTransformer.java:442)
	at io.ballerina.compiler.syntax.tree.ServiceDeclarationNode.apply(ServiceDeclarationNode.java:83)
	at org.wso2.ballerinalang.compiler.parser.BLangNodeTransformer.transform(BLangNodeTransformer.java:549)
	at org.wso2.ballerinalang.compiler.parser.BLangNodeTransformer.transform(BLangNodeTransformer.java:442)
	at io.ballerina.compiler.syntax.tree.ModulePartNode.apply(ModulePartNode.java:54)
	at org.wso2.ballerinalang.compiler.parser.BLangNodeTransformer.accept(BLangNodeTransformer.java:472)
	at io.ballerina.projects.DocumentContext.compilationUnit(DocumentContext.java:111)
	at io.ballerina.projects.ModuleContext.compileInternal(ModuleContext.java:330)
	at io.ballerina.projects.ModuleCompilationState$1.compile(ModuleCompilationState.java:45)
	at io.ballerina.projects.ModuleCompilationState$1.generatePlatformSpecificCode(ModuleCompilationState.java:53)
	at io.ballerina.projects.ModuleContext.generatePlatformSpecificCode(ModuleContext.java:301)
	at io.ballerina.projects.JBallerinaBackend.performCodeGen(JBallerinaBackend.java:133)
	at io.ballerina.projects.JBallerinaBackend.<init>(JBallerinaBackend.java:123)
	at io.ballerina.projects.JBallerinaBackend.lambda$from$0(JBallerinaBackend.java:97)
	at java.base/java.util.HashMap.computeIfAbsent(Unknown Source)
	at io.ballerina.projects.PackageCompilation.getCompilerBackend(PackageCompilation.java:122)
	at io.ballerina.projects.JBallerinaBackend.from(JBallerinaBackend.java:96)
	at io.ballerina.cli.task.CompileTask.execute(CompileTask.java:69)
	at io.ballerina.cli.TaskExecutor.executeTasks(TaskExecutor.java:40)
	at io.ballerina.cli.cmd.RunCommand.execute(RunCommand.java:153)
	at java.base/java.util.Optional.ifPresent(Unknown Source)
	at org.ballerinalang.tool.Main.main(Main.java:57)
 
[2021-01-11 20:09:06,858] SEVERE {b7a.log.crash} - class java.util.ArrayList cannot be cast to class java.util.Map (java.util.ArrayList and java.util.Map are in module java.base of loader 'bootstrap') 
java.lang.ClassCastException: class java.util.ArrayList cannot be cast to class java.util.Map (java.util.ArrayList and java.util.Map are in module java.base of loader 'bootstrap')
	at io.ballerina.projects.internal.BallerinaTomlProcessor.getPlatforms(BallerinaTomlProcessor.java:127)
	at io.ballerina.projects.internal.BallerinaTomlProcessor.parseAsPackageManifest(BallerinaTomlProcessor.java:112)
	at io.ballerina.projects.internal.ProjectFiles.createPackageManifest(ProjectFiles.java:151)
	at io.ballerina.projects.internal.PackageConfigCreator.createBuildProjectConfig(PackageConfigCreator.java:58)
	at io.ballerina.projects.directory.BuildProject.load(BuildProject.java:72)
	at io.ballerina.cli.cmd.BuildCommand.execute(BuildCommand.java:211)
	at java.base/java.util.Optional.ifPresent(Unknown Source)
	at org.ballerinalang.tool.Main.main(Main.java:57)
 
[2021-01-11 20:23:26,156] SEVERE {b7a.log.crash} - class java.util.ArrayList cannot be cast to class java.util.Map (java.util.ArrayList and java.util.Map are in module java.base of loader 'bootstrap') 
java.lang.ClassCastException: class java.util.ArrayList cannot be cast to class java.util.Map (java.util.ArrayList and java.util.Map are in module java.base of loader 'bootstrap')
	at io.ballerina.projects.internal.BallerinaTomlProcessor.getPlatforms(BallerinaTomlProcessor.java:127)
	at io.ballerina.projects.internal.BallerinaTomlProcessor.parseAsPackageManifest(BallerinaTomlProcessor.java:112)
	at io.ballerina.projects.internal.ProjectFiles.createPackageManifest(ProjectFiles.java:151)
	at io.ballerina.projects.internal.PackageConfigCreator.createBuildProjectConfig(PackageConfigCreator.java:58)
	at io.ballerina.projects.directory.BuildProject.load(BuildProject.java:72)
	at io.ballerina.cli.cmd.BuildCommand.execute(BuildCommand.java:211)
	at java.base/java.util.Optional.ifPresent(Unknown Source)
	at org.ballerinalang.tool.Main.main(Main.java:57)
 
